f:\programming\cocos2d-x-2.2.4\projects\project_1\proj.win32\debug.win32\vc120.pdb
f:\programming\cocos2d-x-2.2.4\projects\project_1\proj.win32\debug.win32\vc120.idb
f:\programming\cocos2d-x-2.2.4\projects\project_1\proj.win32\debug.win32\appdelegate.obj
f:\programming\cocos2d-x-2.2.4\projects\project_1\proj.win32\debug.win32\main.obj
f:\programming\cocos2d-x-2.2.4\projects\project_1\proj.win32\debug.win32\helloworldscene.obj
f:\programming\cocos2d-x-2.2.4\projects\project_1\proj.win32\debug.win32\project_1.ilk
f:\programming\cocos2d-x-2.2.4\projects\project_1\proj.win32\debug.win32\project_1.exe
f:\programming\cocos2d-x-2.2.4\projects\project_1\proj.win32\debug.win32\project_1.pdb
f:\programming\cocos2d-x-2.2.4\projects\project_1\proj.win32\debug.win32\libextensions.ilk
f:\programming\cocos2d-x-2.2.4\projects\project_1\proj.win32\debug.win32\libcocos2d.exp
f:\programming\cocos2d-x-2.2.4\projects\project_1\proj.win32\debug.win32\libcocosdenshion.exp
f:\programming\cocos2d-x-2.2.4\projects\project_1\proj.win32\debug.win32\libextensions.exp
f:\programming\cocos2d-x-2.2.4\projects\project_1\proj.win32\debug.win32\libcocos2d.pdb
f:\programming\cocos2d-x-2.2.4\projects\project_1\proj.win32\debug.win32\libcocosdenshion.pdb
f:\programming\cocos2d-x-2.2.4\projects\project_1\proj.win32\debug.win32\libextensions.pdb
f:\programming\cocos2d-x-2.2.4\projects\project_1\proj.win32\debug.win32\project_1.tlog\cl.command.1.tlog
f:\programming\cocos2d-x-2.2.4\projects\project_1\proj.win32\debug.win32\project_1.tlog\cl.read.1.tlog
f:\programming\cocos2d-x-2.2.4\projects\project_1\proj.win32\debug.win32\project_1.tlog\cl.write.1.tlog
f:\programming\cocos2d-x-2.2.4\projects\project_1\proj.win32\debug.win32\project_1.tlog\link.command.1.tlog
f:\programming\cocos2d-x-2.2.4\projects\project_1\proj.win32\debug.win32\project_1.tlog\link.read.1.tlog
f:\programming\cocos2d-x-2.2.4\projects\project_1\proj.win32\debug.win32\project_1.tlog\link.write.1.tlog
